================================================================================
Log File for Training Session SN2
================================================================================
Epoch 1/150, Loss: 0.004230, PSNR: 31.278220 dB, SSIM: 0.868142

Epoch 2/150, Loss: 0.001499, PSNR: 29.711029 dB, SSIM: 0.871425

Epoch 3/150, Loss: 0.001417, PSNR: 32.098275 dB, SSIM: 0.891357

Epoch 4/150, Loss: 0.001439, PSNR: 32.123248 dB, SSIM: 0.892575

Epoch 5/150, Loss: 0.001360, PSNR: 30.897199 dB, SSIM: 0.890228

Epoch 6/150, Loss: 0.001345, PSNR: 30.755996 dB, SSIM: 0.896418

Epoch 7/150, Loss: 0.001291, PSNR: 32.508262 dB, SSIM: 0.899981

Epoch 8/150, Loss: 0.001280, PSNR: 32.558343 dB, SSIM: 0.903482

Epoch 9/150, Loss: 0.001253, PSNR: 27.687783 dB, SSIM: 0.892942

Epoch 10/150, Loss: 0.001238, PSNR: 32.697912 dB, SSIM: 0.903923

Epoch 11/150, Loss: 0.001242, PSNR: 32.743686 dB, SSIM: 0.904680

Epoch 12/150, Loss: 0.001212, PSNR: 32.269719 dB, SSIM: 0.904832

Epoch 13/150, Loss: 0.001219, PSNR: 31.783326 dB, SSIM: 0.907057

Epoch 14/150, Loss: 0.001208, PSNR: 32.692492 dB, SSIM: 0.907516

Epoch 15/150, Loss: 0.001188, PSNR: 32.942239 dB, SSIM: 0.910534

Epoch 16/150, Loss: 0.001185, PSNR: 32.637402 dB, SSIM: 0.906110

Epoch 17/150, Loss: 0.001168, PSNR: 30.262135 dB, SSIM: 0.899578

Epoch 18/150, Loss: 0.001190, PSNR: 32.467926 dB, SSIM: 0.910620

Epoch 19/150, Loss: 0.001171, PSNR: 32.977597 dB, SSIM: 0.910875

Epoch 20/150, Loss: 0.001145, PSNR: 32.820942 dB, SSIM: 0.910586

Epoch 21/150, Loss: 0.001159, PSNR: 32.515837 dB, SSIM: 0.908670

Epoch 22/150, Loss: 0.001162, PSNR: 32.867170 dB, SSIM: 0.911616

Epoch 23/150, Loss: 0.001144, PSNR: 33.018116 dB, SSIM: 0.913100

Epoch 24/150, Loss: 0.001159, PSNR: 32.952117 dB, SSIM: 0.910557

Epoch 25/150, Loss: 0.001157, PSNR: 33.076703 dB, SSIM: 0.912773

Epoch 26/150, Loss: 0.001137, PSNR: 33.109422 dB, SSIM: 0.912987

Epoch 27/150, Loss: 0.001145, PSNR: 33.150340 dB, SSIM: 0.914364

Epoch 28/150, Loss: 0.001141, PSNR: 32.446005 dB, SSIM: 0.912035

Epoch 29/150, Loss: 0.001135, PSNR: 33.029889 dB, SSIM: 0.913232

Epoch 30/150, Loss: 0.001141, PSNR: 33.044447 dB, SSIM: 0.913287

Epoch 31/150, Loss: 0.001143, PSNR: 32.926236 dB, SSIM: 0.913746

Epoch 32/150, Loss: 0.001135, PSNR: 31.389538 dB, SSIM: 0.911458

Epoch 33/150, Loss: 0.001138, PSNR: 32.449941 dB, SSIM: 0.908712

Epoch 34/150, Loss: 0.001070, PSNR: 33.236685 dB, SSIM: 0.916176

Epoch 35/150, Loss: 0.001070, PSNR: 33.257162 dB, SSIM: 0.916535

Epoch 36/150, Loss: 0.001071, PSNR: 33.286974 dB, SSIM: 0.916890

Epoch 37/150, Loss: 0.001069, PSNR: 33.291378 dB, SSIM: 0.917022

Epoch 38/150, Loss: 0.001067, PSNR: 33.276299 dB, SSIM: 0.916516

Epoch 39/150, Loss: 0.001068, PSNR: 33.257201 dB, SSIM: 0.916495

Epoch 40/150, Loss: 0.001066, PSNR: 33.309776 dB, SSIM: 0.917114

Epoch 41/150, Loss: 0.001064, PSNR: 33.217263 dB, SSIM: 0.916570

Epoch 42/150, Loss: 0.001063, PSNR: 33.278096 dB, SSIM: 0.916342

Epoch 43/150, Loss: 0.001063, PSNR: 33.234164 dB, SSIM: 0.916832

Epoch 44/150, Loss: 0.001062, PSNR: 33.338500 dB, SSIM: 0.917390

Epoch 45/150, Loss: 0.001061, PSNR: 33.176085 dB, SSIM: 0.917670

Epoch 46/150, Loss: 0.001060, PSNR: 33.343135 dB, SSIM: 0.917607

Epoch 47/150, Loss: 0.001059, PSNR: 33.223332 dB, SSIM: 0.916998

Epoch 48/150, Loss: 0.001057, PSNR: 33.343333 dB, SSIM: 0.917552

Epoch 49/150, Loss: 0.001060, PSNR: 33.348435 dB, SSIM: 0.918048

Epoch 50/150, Loss: 0.001058, PSNR: 33.322399 dB, SSIM: 0.917820

Epoch 51/150, Loss: 0.001055, PSNR: 33.299220 dB, SSIM: 0.918101

Epoch 52/150, Loss: 0.001055, PSNR: 33.371232 dB, SSIM: 0.918018

Epoch 53/150, Loss: 0.001055, PSNR: 33.368082 dB, SSIM: 0.918538

Epoch 54/150, Loss: 0.001054, PSNR: 33.362841 dB, SSIM: 0.917687

Epoch 55/150, Loss: 0.001053, PSNR: 33.191076 dB, SSIM: 0.917766

Epoch 56/150, Loss: 0.001053, PSNR: 33.398987 dB, SSIM: 0.917865

Epoch 57/150, Loss: 0.001052, PSNR: 33.358649 dB, SSIM: 0.918177

Epoch 58/150, Loss: 0.001053, PSNR: 33.218677 dB, SSIM: 0.917617

Epoch 59/150, Loss: 0.001052, PSNR: 33.357127 dB, SSIM: 0.916676

Epoch 60/150, Loss: 0.001052, PSNR: 33.396471 dB, SSIM: 0.918092

Epoch 61/150, Loss: 0.001053, PSNR: 33.401073 dB, SSIM: 0.918667

Epoch 62/150, Loss: 0.001050, PSNR: 33.263049 dB, SSIM: 0.916900

Epoch 63/150, Loss: 0.001049, PSNR: 33.414424 dB, SSIM: 0.918937

Epoch 64/150, Loss: 0.001048, PSNR: 33.292808 dB, SSIM: 0.915927

Epoch 65/150, Loss: 0.001049, PSNR: 33.412462 dB, SSIM: 0.918706

Epoch 66/150, Loss: 0.001049, PSNR: 33.308300 dB, SSIM: 0.918333

Epoch 67/150, Loss: 0.001047, PSNR: 33.258575 dB, SSIM: 0.918116

Epoch 68/150, Loss: 0.001046, PSNR: 33.386293 dB, SSIM: 0.917890

Epoch 69/150, Loss: 0.001047, PSNR: 33.370645 dB, SSIM: 0.918888

Epoch 70/150, Loss: 0.001045, PSNR: 33.259923 dB, SSIM: 0.918436

Epoch 71/150, Loss: 0.001046, PSNR: 33.406435 dB, SSIM: 0.918804

Epoch 72/150, Loss: 0.001046, PSNR: 33.328255 dB, SSIM: 0.918202

Epoch 73/150, Loss: 0.001046, PSNR: 33.330258 dB, SSIM: 0.919085

Epoch 74/150, Loss: 0.001047, PSNR: 33.327634 dB, SSIM: 0.919108

Epoch 75/150, Loss: 0.001034, PSNR: 33.456724 dB, SSIM: 0.919318

Epoch 76/150, Loss: 0.001035, PSNR: 33.459448 dB, SSIM: 0.919633

Epoch 77/150, Loss: 0.001037, PSNR: 33.417008 dB, SSIM: 0.918558

Epoch 78/150, Loss: 0.001036, PSNR: 33.455066 dB, SSIM: 0.919574

Epoch 79/150, Loss: 0.001036, PSNR: 33.446026 dB, SSIM: 0.919368

Epoch 80/150, Loss: 0.001032, PSNR: 33.453036 dB, SSIM: 0.919364

Epoch 81/150, Loss: 0.001033, PSNR: 33.469204 dB, SSIM: 0.919746

Epoch 82/150, Loss: 0.001033, PSNR: 33.426106 dB, SSIM: 0.919256

Epoch 83/150, Loss: 0.001032, PSNR: 33.476269 dB, SSIM: 0.919396

Epoch 84/150, Loss: 0.001032, PSNR: 33.474020 dB, SSIM: 0.919725

Epoch 85/150, Loss: 0.001031, PSNR: 33.474980 dB, SSIM: 0.919551

Epoch 86/150, Loss: 0.001032, PSNR: 33.468577 dB, SSIM: 0.919612

Epoch 87/150, Loss: 0.001032, PSNR: 33.474233 dB, SSIM: 0.919395

Epoch 88/150, Loss: 0.001032, PSNR: 33.459450 dB, SSIM: 0.919715

Epoch 89/150, Loss: 0.001032, PSNR: 33.471496 dB, SSIM: 0.919589

Epoch 90/150, Loss: 0.001031, PSNR: 33.477842 dB, SSIM: 0.919391

Epoch 91/150, Loss: 0.001031, PSNR: 33.478950 dB, SSIM: 0.919572

Epoch 92/150, Loss: 0.001031, PSNR: 33.481088 dB, SSIM: 0.919602

Epoch 93/150, Loss: 0.001031, PSNR: 33.460730 dB, SSIM: 0.919591

Epoch 94/150, Loss: 0.001032, PSNR: 33.461951 dB, SSIM: 0.919623

Epoch 95/150, Loss: 0.001032, PSNR: 33.456327 dB, SSIM: 0.919686

Epoch 96/150, Loss: 0.001032, PSNR: 33.469573 dB, SSIM: 0.919667

Epoch 97/150, Loss: 0.001032, PSNR: 33.465448 dB, SSIM: 0.919648

Epoch 98/150, Loss: 0.001032, PSNR: 33.467443 dB, SSIM: 0.919648

Epoch 99/150, Loss: 0.001032, PSNR: 33.460702 dB, SSIM: 0.919726

Epoch 100/150, Loss: 0.001032, PSNR: 33.467734 dB, SSIM: 0.919660

Epoch 101/150, Loss: 0.001032, PSNR: 33.466874 dB, SSIM: 0.919628

Epoch 102/150, Loss: 0.001032, PSNR: 33.470094 dB, SSIM: 0.919637

Epoch 103/150, Loss: 0.001032, PSNR: 33.467668 dB, SSIM: 0.919628

Epoch 104/150, Loss: 0.001032, PSNR: 33.463724 dB, SSIM: 0.919545

Epoch 105/150, Loss: 0.001032, PSNR: 33.464042 dB, SSIM: 0.919551

Epoch 106/150, Loss: 0.001032, PSNR: 33.464923 dB, SSIM: 0.919578

Epoch 107/150, Loss: 0.001032, PSNR: 33.464861 dB, SSIM: 0.919612

Epoch 108/150, Loss: 0.001032, PSNR: 33.468274 dB, SSIM: 0.919656

Epoch 109/150, Loss: 0.001032, PSNR: 33.463918 dB, SSIM: 0.919686

Epoch 110/150, Loss: 0.001032, PSNR: 33.464163 dB, SSIM: 0.919702

Epoch 111/150, Loss: 0.001032, PSNR: 33.459728 dB, SSIM: 0.919663

Epoch 112/150, Loss: 0.001032, PSNR: 33.462176 dB, SSIM: 0.919727

Epoch 113/150, Loss: 0.001032, PSNR: 33.461719 dB, SSIM: 0.919676

Epoch 114/150, Loss: 0.001032, PSNR: 33.466197 dB, SSIM: 0.919728

Epoch 115/150, Loss: 0.001032, PSNR: 33.466066 dB, SSIM: 0.919617

Epoch 116/150, Loss: 0.001032, PSNR: 33.468351 dB, SSIM: 0.919701

Epoch 117/150, Loss: 0.001032, PSNR: 33.470385 dB, SSIM: 0.919615

Epoch 118/150, Loss: 0.001032, PSNR: 33.467822 dB, SSIM: 0.919652

Epoch 119/150, Loss: 0.001032, PSNR: 33.450244 dB, SSIM: 0.919643

Epoch 120/150, Loss: 0.001032, PSNR: 33.468035 dB, SSIM: 0.919623

Epoch 121/150, Loss: 0.001032, PSNR: 33.469089 dB, SSIM: 0.919707

Epoch 122/150, Loss: 0.001032, PSNR: 33.466057 dB, SSIM: 0.919682

Epoch 123/150, Loss: 0.001032, PSNR: 33.463372 dB, SSIM: 0.919694

Epoch 124/150, Loss: 0.001032, PSNR: 33.464324 dB, SSIM: 0.919724

Epoch 125/150, Loss: 0.001032, PSNR: 33.468503 dB, SSIM: 0.919664

Epoch 126/150, Loss: 0.001032, PSNR: 33.464167 dB, SSIM: 0.919697

Epoch 127/150, Loss: 0.001032, PSNR: 33.471395 dB, SSIM: 0.919701

Epoch 128/150, Loss: 0.001032, PSNR: 33.464082 dB, SSIM: 0.919630

Epoch 129/150, Loss: 0.001032, PSNR: 33.467943 dB, SSIM: 0.919718

Epoch 130/150, Loss: 0.001032, PSNR: 33.466826 dB, SSIM: 0.919627

Epoch 131/150, Loss: 0.001032, PSNR: 33.471566 dB, SSIM: 0.919622

Epoch 132/150, Loss: 0.001032, PSNR: 33.467779 dB, SSIM: 0.919628

Epoch 133/150, Loss: 0.001032, PSNR: 33.457888 dB, SSIM: 0.919518

Epoch 134/150, Loss: 0.001032, PSNR: 33.459143 dB, SSIM: 0.919619

Epoch 135/150, Loss: 0.001032, PSNR: 33.468646 dB, SSIM: 0.919642

Epoch 136/150, Loss: 0.001032, PSNR: 33.473365 dB, SSIM: 0.919669

Epoch 137/150, Loss: 0.001032, PSNR: 33.465743 dB, SSIM: 0.919664

Epoch 138/150, Loss: 0.001032, PSNR: 33.465103 dB, SSIM: 0.919705

Epoch 139/150, Loss: 0.001032, PSNR: 33.471872 dB, SSIM: 0.919591

Epoch 140/150, Loss: 0.001032, PSNR: 33.456580 dB, SSIM: 0.919703

Epoch 141/150, Loss: 0.001032, PSNR: 33.461550 dB, SSIM: 0.919512

Epoch 142/150, Loss: 0.001032, PSNR: 33.467660 dB, SSIM: 0.919660

Epoch 143/150, Loss: 0.001032, PSNR: 33.464219 dB, SSIM: 0.919770

Epoch 144/150, Loss: 0.001032, PSNR: 33.457570 dB, SSIM: 0.919575

Epoch 145/150, Loss: 0.001032, PSNR: 33.460744 dB, SSIM: 0.919728

Epoch 146/150, Loss: 0.001032, PSNR: 33.465658 dB, SSIM: 0.919571

Epoch 147/150, Loss: 0.001032, PSNR: 33.467271 dB, SSIM: 0.919760

Epoch 148/150, Loss: 0.001032, PSNR: 33.466201 dB, SSIM: 0.919701

Epoch 149/150, Loss: 0.001032, PSNR: 33.464089 dB, SSIM: 0.919736

Epoch 150/150, Loss: 0.001032, PSNR: 33.459542 dB, SSIM: 0.919691

Training took: 21:14:58
Best SSIM - Number of Parameters: 7519
Best PSNR - Number of Parameters: 7519
